TN:
SF:/Users/hadijahkyampeire/Desktop/OnlineMedicalShopping/app.js
FN:62,(anonymous_0)
FN:80,(anonymous_1)
FN:95,(anonymous_2)
FN:104,(anonymous_3)
FN:112,(anonymous_4)
FN:128,(anonymous_5)
FN:132,(anonymous_6)
FN:154,(anonymous_7)
FN:175,(anonymous_8)
FN:176,(anonymous_9)
FN:186,(anonymous_10)
FN:188,(anonymous_11)
FN:198,(anonymous_12)
FN:206,(anonymous_13)
FN:218,(anonymous_14)
FN:219,(anonymous_15)
FN:228,(anonymous_16)
FN:237,(anonymous_17)
FNF:18
FNH:13
FNDA:0,(anonymous_0)
FNDA:3,(anonymous_1)
FNDA:3,(anonymous_2)
FNDA:2,(anonymous_3)
FNDA:1,(anonymous_4)
FNDA:5,(anonymous_5)
FNDA:5,(anonymous_6)
FNDA:4,(anonymous_7)
FNDA:1,(anonymous_8)
FNDA:1,(anonymous_9)
FNDA:0,(anonymous_10)
FNDA:0,(anonymous_11)
FNDA:1,(anonymous_12)
FNDA:1,(anonymous_13)
FNDA:0,(anonymous_14)
FNDA:0,(anonymous_15)
FNDA:1,(anonymous_16)
FNDA:1,(anonymous_17)
DA:1,1
DA:2,1
DA:3,1
DA:4,1
DA:5,1
DA:6,1
DA:7,1
DA:9,1
DA:10,1
DA:11,1
DA:12,1
DA:13,1
DA:15,1
DA:17,1
DA:18,1
DA:21,1
DA:31,1
DA:38,1
DA:40,1
DA:41,1
DA:42,1
DA:44,1
DA:45,1
DA:46,1
DA:47,1
DA:50,1
DA:52,1
DA:53,1
DA:55,0
DA:59,1
DA:62,1
DA:63,0
DA:80,1
DA:82,3
DA:87,3
DA:94,3
DA:96,3
DA:97,1
DA:103,2
DA:105,2
DA:106,1
DA:112,1
DA:113,1
DA:114,0
DA:116,1
DA:128,1
DA:130,5
DA:131,5
DA:133,5
DA:134,1
DA:138,4
DA:139,3
DA:147,1
DA:154,1
DA:156,4
DA:157,4
DA:158,1
DA:166,3
DA:175,1
DA:176,1
DA:177,1
DA:178,0
DA:180,1
DA:186,1
DA:187,0
DA:188,0
DA:189,0
DA:190,0
DA:192,0
DA:198,1
DA:199,1
DA:200,1
DA:201,1
DA:203,1
DA:207,1
DA:208,0
DA:211,1
DA:218,1
DA:219,0
DA:220,0
DA:221,0
DA:223,0
DA:228,1
DA:229,1
DA:230,1
DA:231,1
DA:237,1
DA:238,1
DA:239,0
DA:241,1
DA:249,1
DA:250,1
DA:251,1
DA:252,1
LF:94
LH:79
BRDA:52,0,0,1
BRDA:52,0,1,0
BRDA:82,1,0,3
BRDA:82,1,1,0
BRDA:82,2,0,3
BRDA:82,2,1,3
BRDA:82,2,2,3
BRDA:82,2,3,3
BRDA:96,3,0,1
BRDA:96,3,1,2
BRDA:105,4,0,1
BRDA:105,4,1,1
BRDA:113,5,0,0
BRDA:113,5,1,1
BRDA:133,6,0,1
BRDA:133,6,1,4
BRDA:138,7,0,3
BRDA:138,7,1,1
BRDA:157,8,0,1
BRDA:157,8,1,3
BRDA:157,9,0,4
BRDA:157,9,1,3
BRDA:157,9,2,2
BRDA:177,10,0,0
BRDA:177,10,1,1
BRDA:189,11,0,0
BRDA:189,11,1,0
BRDA:201,12,0,0
BRDA:201,12,1,1
BRDA:207,13,0,0
BRDA:207,13,1,1
BRDA:220,14,0,0
BRDA:220,14,1,0
BRDA:238,15,0,0
BRDA:238,15,1,1
BRF:35
BRH:24
end_of_record
TN:
SF:/Users/hadijahkyampeire/Desktop/OnlineMedicalShopping/config.js
FNF:0
FNH:0
DA:1,1
LF:1
LH:1
BRF:0
BRH:0
end_of_record
TN:
SF:/Users/hadijahkyampeire/Desktop/OnlineMedicalShopping/server/middleware/validateAdminLogin.js
FN:1,validateAdmin
FNF:1
FNH:1
FNDA:7,validateAdmin
DA:2,7
DA:3,1
DA:5,6
DA:6,1
DA:8,5
DA:9,1
DA:11,4
DA:13,1
LF:8
LH:8
BRDA:2,0,0,1
BRDA:2,0,1,6
BRDA:5,1,0,1
BRDA:5,1,1,5
BRDA:5,2,0,6
BRDA:5,2,1,5
BRDA:8,3,0,1
BRDA:8,3,1,4
BRF:8
BRH:8
end_of_record
TN:
SF:/Users/hadijahkyampeire/Desktop/OnlineMedicalShopping/server/middleware/validateLogin.js
FN:2,validateEmail
FN:7,validateLogin
FNF:2
FNH:2
FNDA:6,validateEmail
FNDA:8,validateLogin
DA:3,6
DA:4,6
DA:8,8
DA:9,1
DA:11,7
DA:12,1
DA:14,6
DA:15,1
DA:16,1
DA:17,1
DA:19,5
DA:21,1
LF:12
LH:12
BRDA:8,0,0,1
BRDA:8,0,1,7
BRDA:8,1,0,8
BRDA:8,1,1,7
BRDA:11,2,0,1
BRDA:11,2,1,6
BRDA:11,3,0,7
BRDA:11,3,1,6
BRDA:14,4,0,1
BRDA:14,4,1,5
BRF:10
BRH:10
end_of_record
TN:
SF:/Users/hadijahkyampeire/Desktop/OnlineMedicalShopping/server/middleware/validateOrder.js
FN:2,validateOrder
FNF:1
FNH:1
FNDA:3,validateOrder
DA:3,3
DA:4,1
DA:6,2
DA:7,1
DA:9,1
DA:11,1
LF:6
LH:6
BRDA:3,0,0,1
BRDA:3,0,1,2
BRDA:6,1,0,1
BRDA:6,1,1,1
BRF:4
BRH:4
end_of_record
TN:
SF:/Users/hadijahkyampeire/Desktop/OnlineMedicalShopping/server/middleware/validateSignup.js
FN:2,validateEmail
FN:7,validateSignup
FNF:2
FNH:2
FNDA:4,validateEmail
FNDA:8,validateSignup
DA:3,4
DA:4,4
DA:8,8
DA:9,1
DA:10,1
DA:11,1
DA:14,7
DA:15,1
DA:17,6
DA:18,1
DA:20,5
DA:21,1
DA:23,4
DA:24,1
DA:25,1
DA:26,1
DA:29,3
DA:31,1
LF:18
LH:18
BRDA:8,0,0,1
BRDA:8,0,1,7
BRDA:14,1,0,1
BRDA:14,1,1,6
BRDA:14,2,0,7
BRDA:14,2,1,6
BRDA:17,3,0,1
BRDA:17,3,1,5
BRDA:17,4,0,6
BRDA:17,4,1,5
BRDA:20,5,0,1
BRDA:20,5,1,4
BRDA:20,6,0,5
BRDA:20,6,1,4
BRDA:23,7,0,1
BRDA:23,7,1,3
BRF:16
BRH:16
end_of_record
